🚀 Démarrage du scraper Éric...
[APEC] Error after retries: fetch failed
✅ Parser exécuté. Offres trouvées: 0
✅ Parser exécuté. Offres trouvées: 0
✅ Parser exécuté. Offres trouvées: 0
✅ Parser exécuté. Offres trouvées: 0
✅ Parser exécuté. Offres trouvées: 0
[Dev.to] Found 25 jobs
✅ Parser exécuté. Offres trouvées: 25
[Django Jobs] Found 0 jobs
✅ Parser exécuté. Offres trouvées: 0
[Emploitic] Found 0 jobs
✅ Parser exécuté. Offres trouvées: 0
[FranceTravail] Found 0 jobs
✅ Parser exécuté. Offres trouvées: 0
[FreeWork] Error: fetch failed
✅ Parser exécuté. Offres trouvées: 0
✅ Parser exécuté. Offres trouvées: 0
[GitHub Jobs] Found 20 jobs
✅ Parser exécuté. Offres trouvées: 20
[Glassdoor] Skipped - blocking bots
✅ Parser exécuté. Offres trouvées: 0
[Go Jobs] Skipped - Cloudflare protection
✅ Parser exécuté. Offres trouvées: 0
[HackerNews] Found 0 jobs
✅ Parser exécuté. Offres trouvées: 0
[Hellowork] Skipped - API returned 405/404
✅ Parser exécuté. Offres trouvées: 0
[Indeed] Error: Request failed with status code 403
✅ Parser exécuté. Offres trouvées: 0
✅ Parser exécuté. Offres trouvées: 0
[Jobgether] Skipped - HTTP 403
✅ Parser exécuté. Offres trouvées: 0
✅ Parser exécuté. Offres trouvées: 0
Jobinja error: Request failed with status code 504
✅ Parser exécuté. Offres trouvées: 0
✅ Parser exécuté. Offres trouvées: 0
[JobsBoard] Skipped - GitHub Jobs API deprecated, use other sources
✅ Parser exécuté. Offres trouvées: 0
[Keljob] Skipped - returns 404
✅ Parser exécuté. Offres trouvées: 0
✅ Parser exécuté. Offres trouvées: 0
✅ Parser exécuté. Offres trouvées: 0
[Les Talents] Error: fetch failed
✅ Parser exécuté. Offres trouvées: 0
[LinkedIn] Skipped - Requires authenticated session
✅ Parser exécuté. Offres trouvées: 0
✅ Parser exécuté. Offres trouvées: 0
✅ Parser exécuté. Offres trouvées: 0
[Pyjama Jobs] Error: fetch failed
✅ Parser exécuté. Offres trouvées: 0
[Python Jobs] Skipped - Cloudflare protection (HTTP 403)
✅ Parser exécuté. Offres trouvées: 0
[Reddit Jobs] Found 20 jobs from forhire
[Reddit Jobs] Found 20 jobs from jobbit
✅ Parser exécuté. Offres trouvées: 20
[RegionJob] Found 0 unique jobs
✅ Parser exécuté. Offres trouvées: 0
[RegionalJob] Skipped - DNS resolution failure
✅ Parser exécuté. Offres trouvées: 0
[Remote3] Error: Request failed with status code 404
✅ Parser exécuté. Offres trouvées: 0
[Remote OK] Found 0 jobs
✅ Parser exécuté. Offres trouvées: 0
[Remotive] Found 20 jobs
✅ Parser exécuté. Offres trouvées: 20
[Ruby on Rails Jobs] Skipped - HTTP 403
✅ Parser exécuté. Offres trouvées: 0
[SimplyHired] Skipped - HTTP 403
✅ Parser exécuté. Offres trouvées: 0
[StackOverflow Jobs] Skipped - HTTP 403
✅ Parser exécuté. Offres trouvées: 0
StartupJobs error: This operation was aborted
✅ Parser exécuté. Offres trouvées: 0
[Talent.io] Error after retries: fetch failed
✅ Parser exécuté. Offres trouvées: 0
[Viteajob] Skipped - DNS resolution failure
✅ Parser exécuté. Offres trouvées: 0
✅ Parser exécuté. Offres trouvées: 0
[WTTJ] Skipped - RSS feed returned 404 HTML page
✅ Parser exécuté. Offres trouvées: 0

📊 Résumé :
   Offres brutes : 85
   Offres Tech sauvegardées : 51
   Total en base : 128
💾 Génération de l'export JSON...
✅ latest_jobs.json généré avec les 50 dernières offres.
